<?xml version="1.0" encoding="UTF-8"?>
<!-- Generated by org.testng.reporters.JUnitReportReporter -->
<testsuite skipped="0" hostname="HOMEHP-PC" name="week5.day1.TestNG_CreateLead" tests="1" failures="0" timestamp="2019-09-21T12:40:26 IST" time="33.976" errors="0">
  <testcase name="testng_create" time="33.976" classname="week5.day1.TestNG_CreateLead"/>
</testsuite> <!-- week5.day1.TestNG_CreateLead -->
