<?xml version="1.0" encoding="UTF-8"?>
<!-- Generated by org.testng.reporters.JUnitReportReporter -->
<testsuite skipped="0" hostname="HOMEHP-PC" name="week5.day1.TestNG_EditLead" tests="1" failures="0" timestamp="2019-09-21T12:40:26 IST" time="31.707" errors="0">
  <testcase name="test_edit" time="31.707" classname="week5.day1.TestNG_EditLead"/>
</testsuite> <!-- week5.day1.TestNG_EditLead -->
